0 info it worked if it ends with ok
1 verbose cli [ 'node', '/usr/local/bin/npm', 'install', 'simpletip' ]
2 info using npm@2.10.1
3 info using node@v0.12.4
4 verbose install initial load of /Users/aung/Desktop/sf-sandbox/package.json
5 verbose installManyTop reading scoped package data from /Users/aung/Desktop/sf-sandbox/node_modules/angular/package.json
6 verbose installManyTop reading scoped package data from /Users/aung/Desktop/sf-sandbox/node_modules/angular-ui-router/package.json
7 verbose installManyTop reading scoped package data from /Users/aung/Desktop/sf-sandbox/node_modules/http-server/package.json
8 verbose installManyTop reading scoped package data from /Users/aung/Desktop/sf-sandbox/node_modules/jquery/package.json
9 verbose installManyTop reading scoped package data from /Users/aung/Desktop/sf-sandbox/node_modules/normalize.css/package.json
10 info package.json angular-ui-router@0.2.15 No license field.
11 info package.json http-server@0.8.0 No license field.
12 info package.json jquery@2.1.4 No license field.
13 verbose readDependencies loading dependencies from /Users/aung/Desktop/sf-sandbox/package.json
14 silly cache add args [ 'simpletip', null ]
15 verbose cache add spec simpletip
16 silly cache add parsed spec { raw: 'simpletip',
16 silly cache add   scope: null,
16 silly cache add   name: 'simpletip',
16 silly cache add   rawSpec: '',
16 silly cache add   spec: '*',
16 silly cache add   type: 'range' }
17 silly addNamed simpletip@*
18 verbose addNamed "*" is a valid semver range for simpletip
19 silly addNameRange { name: 'simpletip', range: '*', hasData: false }
20 silly mapToRegistry name simpletip
21 silly mapToRegistry using default registry
22 silly mapToRegistry registry https://registry.npmjs.org/
23 silly mapToRegistry uri https://registry.npmjs.org/simpletip
24 verbose addNameRange registry:https://registry.npmjs.org/simpletip not in flight; fetching
25 verbose request uri https://registry.npmjs.org/simpletip
26 verbose request no auth needed
27 info attempt registry request try #1 at 2:54:16 PM
28 verbose request id 5bef7f2b2a5b683d
29 http request GET https://registry.npmjs.org/simpletip
30 http 404 https://registry.npmjs.org/simpletip
31 verbose headers { server: 'CouchDB/1.5.0 (Erlang OTP/R16B03)',
31 verbose headers   'content-type': 'application/json',
31 verbose headers   'cache-control': 'max-age=0',
31 verbose headers   'content-length': '51',
31 verbose headers   'accept-ranges': 'bytes',
31 verbose headers   date: 'Wed, 24 Jun 2015 21:54:17 GMT',
31 verbose headers   via: '1.1 varnish',
31 verbose headers   age: '0',
31 verbose headers   connection: 'keep-alive',
31 verbose headers   'x-served-by': 'cache-sjc3132-SJC',
31 verbose headers   'x-cache': 'MISS',
31 verbose headers   'x-cache-hits': '0',
31 verbose headers   'x-timer': 'S1435182857.070288,VS0,VE40' }
32 silly get cb [ 404,
32 silly get   { server: 'CouchDB/1.5.0 (Erlang OTP/R16B03)',
32 silly get     'content-type': 'application/json',
32 silly get     'cache-control': 'max-age=0',
32 silly get     'content-length': '51',
32 silly get     'accept-ranges': 'bytes',
32 silly get     date: 'Wed, 24 Jun 2015 21:54:17 GMT',
32 silly get     via: '1.1 varnish',
32 silly get     age: '0',
32 silly get     connection: 'keep-alive',
32 silly get     'x-served-by': 'cache-sjc3132-SJC',
32 silly get     'x-cache': 'MISS',
32 silly get     'x-cache-hits': '0',
32 silly get     'x-timer': 'S1435182857.070288,VS0,VE40' } ]
33 verbose stack Error: 404 Not Found: simpletip
33 verbose stack     at CachingRegistryClient.<anonymous> (/usr/local/lib/node_modules/npm/node_modules/npm-registry-client/lib/request.js:245:14)
33 verbose stack     at Request._callback (/usr/local/lib/node_modules/npm/node_modules/npm-registry-client/lib/request.js:170:14)
33 verbose stack     at Request.self.callback (/usr/local/lib/node_modules/npm/node_modules/request/request.js:368:22)
33 verbose stack     at Request.emit (events.js:110:17)
33 verbose stack     at Request.<anonymous> (/usr/local/lib/node_modules/npm/node_modules/request/request.js:1219:14)
33 verbose stack     at Request.emit (events.js:129:20)
33 verbose stack     at IncomingMessage.<anonymous> (/usr/local/lib/node_modules/npm/node_modules/request/request.js:1167:12)
33 verbose stack     at IncomingMessage.emit (events.js:129:20)
33 verbose stack     at _stream_readable.js:908:16
33 verbose stack     at process._tickCallback (node.js:355:11)
34 verbose statusCode 404
35 verbose pkgid simpletip
36 verbose cwd /Users/aung/Desktop/sf-sandbox
37 error Darwin 14.3.0
38 error argv "node" "/usr/local/bin/npm" "install" "simpletip"
39 error node v0.12.4
40 error npm  v2.10.1
41 error code E404
42 error 404 Not Found: simpletip
42 error 404
42 error 404 'simpletip' is not in the npm registry.
42 error 404 You should bug the author to publish it (or use the name yourself!)
42 error 404
42 error 404 Note that you can also install from a
42 error 404 tarball, folder, http url, or git url.
43 verbose exit [ 1, true ]
